Using pre-set license
Built from '2020.3/staging' branch; Version is '2020.3.16f1 (049d6eca3c44) revision 302446'; Using compiler version '192528614'; Build Type 'Release'
OS: 'Windows 10 Home; OS build 19043.1348; Version 2009; 64bit' Language: 'ko' Physical Memory: 24253 MB
BatchMode: 1, IsHumanControllingUs: 0, StartBugReporterOnCrash: 0, Is64bit: 1, IsPro: 0

 COMMAND LINE ARGUMENTS:
C:\Program Files\Unity\Hub\Editor\2020.3.16f1\Editor\Unity.exe
-adb2
-batchMode
-noUpm
-name
AssetImportWorker1
-projectPath
C:/Users/user/RoomMate
-logFile
Logs/AssetImportWorker1.log
-srvPort
64182
Successfully changed project path to: C:/Users/user/RoomMate
C:/Users/user/RoomMate
Using Asset Import Pipeline V2.
Refreshing native plugins compatible for Editor in 46.84 ms, found 2 plugins.
Preloading 0 native plugins for Editor in 0.00 ms.
Initialize engine version: 2020.3.16f1 (049d6eca3c44)
[Subsystems] Discovering subsystems at path C:/Program Files/Unity/Hub/Editor/2020.3.16f1/Editor/Data/Resources/UnitySubsystems
[Subsystems] Discovering subsystems at path C:/Users/user/RoomMate/Assets
GfxDevice: creating device client; threaded=0
Direct3D:
    Version:  Direct3D 11.0 [level 11.1]
    Renderer: NVIDIA GeForce RTX 3060 Laptop GPU (ID=0x2520)
    Vendor:   
    VRAM:     6023 MB
    Driver:   27.21.14.6235
Initialize mono
Mono path[0] = 'C:/Program Files/Unity/Hub/Editor/2020.3.16f1/Editor/Data/Managed'
Mono path[1] = 'C:/Program Files/Unity/Hub/Editor/2020.3.16f1/Editor/Data/MonoBleedingEdge/lib/mono/unityjit'
Mono config path = 'C:/Program Files/Unity/Hub/Editor/2020.3.16f1/Editor/Data/MonoBleedingEdge/etc'
Using monoOptions --debugger-agent=transport=dt_socket,embedding=1,server=y,suspend=n,address=127.0.0.1:56688
Begin MonoManager ReloadAssembly
Registering precompiled unity dll's ...
Register platform support module: C:/Program Files/Unity/Hub/Editor/2020.3.16f1/Editor/Data/PlaybackEngines/WindowsStandaloneSupport/UnityEditor.WindowsStandalone.Extensions.dll
Registered in 0.001847 seconds.
Native extension for WindowsStandalone target not found
Refreshing native plugins compatible for Editor in 40.78 ms, found 2 plugins.
Preloading 0 native plugins for Editor in 0.00 ms.
Mono: successfully reloaded assembly
- Completed reload, in  1.213 seconds
Domain Reload Profiling:
	ReloadAssembly (1213ms)
		BeginReloadAssembly (64ms)
			ExecutionOrderSort (0ms)
			DisableScriptedObjects (0ms)
			BackupInstance (0ms)
			ReleaseScriptingObjects (0ms)
			CreateAndSetChildDomain (1ms)
		EndReloadAssembly (427ms)
			LoadAssemblies (60ms)
			RebuildTransferFunctionScriptingTraits (0ms)
			SetupTypeCache (180ms)
			ReleaseScriptCaches (0ms)
			RebuildScriptCaches (26ms)
			SetupLoadedEditorAssemblies (143ms)
				LogAssemblyErrors (0ms)
				InitializePlatformSupportModulesInManaged (4ms)
				SetLoadedEditorAssemblies (0ms)
				RefreshPlugins (41ms)
				BeforeProcessingInitializeOnLoad (13ms)
				ProcessInitializeOnLoadAttributes (66ms)
				ProcessInitializeOnLoadMethodAttributes (20ms)
				AfterProcessingInitializeOnLoad (0ms)
				EditorAssembliesLoaded (0ms)
			ExecutionOrderSort2 (0ms)
			AwakeInstancesAfterBackupRestoration (0ms)
Platform modules already initialized, skipping
Registering precompiled user dll's ...
Registered in 0.009332 seconds.
Begin MonoManager ReloadAssembly
Native extension for WindowsStandalone target not found
Refreshing native plugins compatible for Editor in 0.54 ms, found 2 plugins.
Preloading 0 native plugins for Editor in 0.00 ms.
Mono: successfully reloaded assembly
- Completed reload, in  1.058 seconds
Domain Reload Profiling:
	ReloadAssembly (1058ms)
		BeginReloadAssembly (118ms)
			ExecutionOrderSort (0ms)
			DisableScriptedObjects (4ms)
			BackupInstance (0ms)
			ReleaseScriptingObjects (0ms)
			CreateAndSetChildDomain (22ms)
		EndReloadAssembly (885ms)
			LoadAssemblies (68ms)
			RebuildTransferFunctionScriptingTraits (0ms)
			SetupTypeCache (316ms)
			ReleaseScriptCaches (0ms)
			RebuildScriptCaches (36ms)
			SetupLoadedEditorAssemblies (361ms)
				LogAssemblyErrors (0ms)
				InitializePlatformSupportModulesInManaged (7ms)
				SetLoadedEditorAssemblies (0ms)
				RefreshPlugins (1ms)
				BeforeProcessingInitializeOnLoad (82ms)
				ProcessInitializeOnLoadAttributes (260ms)
				ProcessInitializeOnLoadMethodAttributes (3ms)
				AfterProcessingInitializeOnLoad (8ms)
				EditorAssembliesLoaded (0ms)
			ExecutionOrderSort2 (0ms)
			AwakeInstancesAfterBackupRestoration (5ms)
Platform modules already initialized, skipping
========================================================================
Worker process is ready to serve import requests
Launched and connected shader compiler UnityShaderCompiler.exe after 0.05 seconds
Refreshing native plugins compatible for Editor in 0.49 ms, found 2 plugins.
Preloading 0 native plugins for Editor in 0.00 ms.
Unloading 1499 Unused Serialized files (Serialized files now loaded: 0)
System memory in use before: 69.3 MB.
System memory in use after: 69.4 MB.

Unloading 21 unused Assets to reduce memory usage. Loaded Objects now: 1934.
Total: 2.331400 ms (FindLiveObjects: 0.113600 ms CreateObjectMapping: 0.034000 ms MarkObjects: 2.108400 ms  DeleteObjects: 0.074700 ms)

AssetImportParameters requested are different than current active one (requested -> active):
  custom:framework-win-MediaFoundation: 216162199b28c13a410421893ffa2e32 -> 
  custom:video-decoder-ogg-theora: a1e56fd34408186e4bbccfd4996cb3dc -> 
  custom:container-muxer-webm: aa71ff27fc2769a1b78a27578f13a17b -> 
  custom:container-demuxer-webm: 4f35f7cbe854078d1ac9338744f61a02 -> 
  custom:container-demuxer-ogg: 62fdf1f143b41e24485cea50d1cbac27 -> 
  custom:video-encoder-webm-vp8: eb34c28f22e8b96e1ab97ce403110664 -> 
  custom:video-decoder-webm-vp8: 9c59270c3fd7afecdb556c50c9e8de78 -> 
  custom:audio-decoder-ogg-vorbis: bf7c407c2cedff20999df2af8eb42d56 -> 
  custom:audio-encoder-webm-vorbis: bf7c407c2cedff20999df2af8eb42d56 -> 
========================================================================
Received Import Request.
  path: Assets/Tiny Giant Studio/Modular 3D Text
  artifactKey: Guid(e4cf71225495fd5409b8f95523da6382) Importer(815301076,1909f56bfc062723c751e8b465ee728b)
Start importing Assets/Tiny Giant Studio/Modular 3D Text using Guid(e4cf71225495fd5409b8f95523da6382) Importer(815301076,1909f56bfc062723c751e8b465ee728b)  -> (artifact id: 'a3d8456ca1321f5bbf4e3d1670347621') in 0.006339 seconds 
  Import took 0.008281 seconds .

========================================================================
Received Import Request.
  Time since last request: 0.000199 seconds.
  path: Assets/Tiny Giant Studio/Modular 3D Text/Sample Scenes
  artifactKey: Guid(8b324f82c8d1cb8488040311cc710396) Importer(815301076,1909f56bfc062723c751e8b465ee728b)
Start importing Assets/Tiny Giant Studio/Modular 3D Text/Sample Scenes using Guid(8b324f82c8d1cb8488040311cc710396) Importer(815301076,1909f56bfc062723c751e8b465ee728b)  -> (artifact id: 'd231de7300bb8125ce1d46e929fa2aba') in 0.003035 seconds 
  Import took 0.004967 seconds .

========================================================================
Received Import Request.
  Time since last request: 3.177906 seconds.
  path: Assets/Tiny Giant Studio/Modular 3D Text/Sample Scenes/12 Example - VR - M3DText.unity
  artifactKey: Guid(1bf924939f33c6f4caaf1f15d6b9f202) Importer(815301076,1909f56bfc062723c751e8b465ee728b)
Start importing Assets/Tiny Giant Studio/Modular 3D Text/Sample Scenes/12 Example - VR - M3DText.unity using Guid(1bf924939f33c6f4caaf1f15d6b9f202) Importer(815301076,1909f56bfc062723c751e8b465ee728b)  -> (artifact id: 'e3e64dd1d12af0d9748ab525df11b555') in 0.011866 seconds 
  Import took 0.014096 seconds .

========================================================================
Received Import Request.
  Time since last request: 34.264624 seconds.
  path: Assets/Tiny Giant Studio/Modular 3D Text/Sample Scenes/11 Tutoiral - Modules - M3DText.unity
  artifactKey: Guid(502bca9b699baf644982ae7b333af620) Importer(815301076,1909f56bfc062723c751e8b465ee728b)
Start importing Assets/Tiny Giant Studio/Modular 3D Text/Sample Scenes/11 Tutoiral - Modules - M3DText.unity using Guid(502bca9b699baf644982ae7b333af620) Importer(815301076,1909f56bfc062723c751e8b465ee728b)  -> (artifact id: '34f54909e705e8c04c95c4f041a1b68f') in 0.003987 seconds 
  Import took 0.006573 seconds .

========================================================================
Received Import Request.
  Time since last request: 16.130173 seconds.
  path: Assets/Tiny Giant Studio/Modular 3D Text/Sample Scenes/07 Menus - M3DText.unity
  artifactKey: Guid(da78d018c57c70a4ca7b86e17284b362) Importer(815301076,1909f56bfc062723c751e8b465ee728b)
Start importing Assets/Tiny Giant Studio/Modular 3D Text/Sample Scenes/07 Menus - M3DText.unity using Guid(da78d018c57c70a4ca7b86e17284b362) Importer(815301076,1909f56bfc062723c751e8b465ee728b)  -> (artifact id: '62c2272592b68740180e6ae7f274599a') in 0.004057 seconds 
  Import took 0.006998 seconds .

========================================================================
Received Import Request.
  Time since last request: 71.807754 seconds.
  path: Assets/WSH/Scenes/SampleScene.unity
  artifactKey: Guid(9fc0d4010bbf28b4594072e72b8655ab) Importer(815301076,1909f56bfc062723c751e8b465ee728b)
Start importing Assets/WSH/Scenes/SampleScene.unity using Guid(9fc0d4010bbf28b4594072e72b8655ab) Importer(815301076,1909f56bfc062723c751e8b465ee728b)  -> (artifact id: 'bb2bad5c3d8f55b346bbe6ddade2fa99') in 0.003818 seconds 
  Import took 0.007625 seconds .

========================================================================
Received Prepare
Registering precompiled user dll's ...
Registered in 0.007143 seconds.
Begin MonoManager ReloadAssembly
Native extension for WindowsStandalone target not found
Refreshing native plugins compatible for Editor in 0.44 ms, found 2 plugins.
Preloading 0 native plugins for Editor in 0.00 ms.
Mono: successfully reloaded assembly
- Completed reload, in  1.047 seconds
Domain Reload Profiling:
	ReloadAssembly (1047ms)
		BeginReloadAssembly (117ms)
			ExecutionOrderSort (0ms)
			DisableScriptedObjects (4ms)
			BackupInstance (0ms)
			ReleaseScriptingObjects (0ms)
			CreateAndSetChildDomain (31ms)
		EndReloadAssembly (857ms)
			LoadAssemblies (85ms)
			RebuildTransferFunctionScriptingTraits (0ms)
			SetupTypeCache (226ms)
			ReleaseScriptCaches (1ms)
			RebuildScriptCaches (47ms)
			SetupLoadedEditorAssemblies (420ms)
				LogAssemblyErrors (0ms)
				InitializePlatformSupportModulesInManaged (4ms)
				SetLoadedEditorAssemblies (0ms)
				RefreshPlugins (0ms)
				BeforeProcessingInitializeOnLoad (74ms)
				ProcessInitializeOnLoadAttributes (332ms)
				ProcessInitializeOnLoadMethodAttributes (3ms)
				AfterProcessingInitializeOnLoad (6ms)
				EditorAssembliesLoaded (0ms)
			ExecutionOrderSort2 (0ms)
			AwakeInstancesAfterBackupRestoration (4ms)
Platform modules already initialized, skipping
Refreshing native plugins compatible for Editor in 0.46 ms, found 2 plugins.
Preloading 0 native plugins for Editor in 0.00 ms.
Unloading 1493 Unused Serialized files (Serialized files now loaded: 0)
System memory in use before: 69.2 MB.
System memory in use after: 69.3 MB.

Unloading 16 unused Assets to reduce memory usage. Loaded Objects now: 1936.
Total: 3.869900 ms (FindLiveObjects: 0.134100 ms CreateObjectMapping: 0.047200 ms MarkObjects: 3.658600 ms  DeleteObjects: 0.028400 ms)

AssetImportParameters requested are different than current active one (requested -> active):
  custom:framework-win-MediaFoundation: 216162199b28c13a410421893ffa2e32 -> 
  custom:video-decoder-ogg-theora: a1e56fd34408186e4bbccfd4996cb3dc -> 
  custom:container-muxer-webm: aa71ff27fc2769a1b78a27578f13a17b -> 
  custom:container-demuxer-webm: 4f35f7cbe854078d1ac9338744f61a02 -> 
  custom:container-demuxer-ogg: 62fdf1f143b41e24485cea50d1cbac27 -> 
  custom:video-encoder-webm-vp8: eb34c28f22e8b96e1ab97ce403110664 -> 
  custom:video-decoder-webm-vp8: 9c59270c3fd7afecdb556c50c9e8de78 -> 
  custom:audio-decoder-ogg-vorbis: bf7c407c2cedff20999df2af8eb42d56 -> 
  custom:audio-encoder-webm-vorbis: bf7c407c2cedff20999df2af8eb42d56 -> 
========================================================================
Received Import Request.
  Time since last request: 219.928704 seconds.
  path: Assets/WSH/Scripts/Gimmick/SH_Gimmick_Button.cs
  artifactKey: Guid(6637d72b87c018840b2a8c0b9a74ffd4) Importer(815301076,1909f56bfc062723c751e8b465ee728b)
Start importing Assets/WSH/Scripts/Gimmick/SH_Gimmick_Button.cs using Guid(6637d72b87c018840b2a8c0b9a74ffd4) Importer(815301076,1909f56bfc062723c751e8b465ee728b)  -> (artifact id: '823b69ea035713af821220fb808f6246') in 0.018157 seconds 
  Import took 0.020370 seconds .

========================================================================
Received Import Request.
  Time since last request: 0.001788 seconds.
  path: Assets/WSH/Scripts/Gimmick/SH_Gimmick_Button.cs
  artifactKey: Guid(6637d72b87c018840b2a8c0b9a74ffd4) Importer(815301076,1909f56bfc062723c751e8b465ee728b)
Start importing Assets/WSH/Scripts/Gimmick/SH_Gimmick_Button.cs using Guid(6637d72b87c018840b2a8c0b9a74ffd4) Importer(815301076,1909f56bfc062723c751e8b465ee728b)  -> (artifact id: '823b69ea035713af821220fb808f6246') in 0.003366 seconds 
  Import took 0.005521 seconds .

AssetImportWorkerClient::OnTransportError - code=2 error=End of file
